mode: count
github.com/hortau/unit/luminous_intensity.go:12.46,14.2 1 1
github.com/hortau/unit/datarate.go:50.43,52.2 1 1
github.com/hortau/unit/datarate.go:55.47,57.2 1 1
github.com/hortau/unit/datarate.go:60.47,62.2 1 1
github.com/hortau/unit/datarate.go:65.47,67.2 1 1
github.com/hortau/unit/datarate.go:70.47,72.2 1 1
github.com/hortau/unit/datarate.go:75.47,77.2 1 1
github.com/hortau/unit/datarate.go:80.46,82.2 1 1
github.com/hortau/unit/datarate.go:85.48,87.2 1 1
github.com/hortau/unit/datarate.go:90.48,92.2 1 1
github.com/hortau/unit/datarate.go:95.44,97.2 1 1
github.com/hortau/unit/datarate.go:100.48,102.2 1 1
github.com/hortau/unit/datarate.go:105.48,107.2 1 1
github.com/hortau/unit/datarate.go:110.48,112.2 1 1
github.com/hortau/unit/datarate.go:115.48,117.2 1 1
github.com/hortau/unit/datarate.go:120.48,122.2 1 1
github.com/hortau/unit/datarate.go:125.47,127.2 1 1
github.com/hortau/unit/datarate.go:130.49,132.2 1 1
github.com/hortau/unit/datarate.go:135.49,137.2 1 1
github.com/hortau/unit/datarate.go:140.47,142.2 1 1
github.com/hortau/unit/datarate.go:145.47,147.2 1 1
github.com/hortau/unit/datarate.go:150.47,152.2 1 1
github.com/hortau/unit/datarate.go:155.47,157.2 1 1
github.com/hortau/unit/datarate.go:160.47,162.2 1 1
github.com/hortau/unit/datarate.go:165.47,167.2 1 1
github.com/hortau/unit/datarate.go:170.47,172.2 1 1
github.com/hortau/unit/datarate.go:175.47,177.2 1 1
github.com/hortau/unit/datarate.go:180.48,182.2 1 1
github.com/hortau/unit/datarate.go:185.48,187.2 1 1
github.com/hortau/unit/datarate.go:190.48,192.2 1 1
github.com/hortau/unit/datarate.go:195.48,197.2 1 1
github.com/hortau/unit/datarate.go:200.48,202.2 1 1
github.com/hortau/unit/datarate.go:205.48,207.2 1 1
github.com/hortau/unit/datarate.go:210.48,212.2 1 1
github.com/hortau/unit/datarate.go:215.48,217.2 1 1
github.com/hortau/unit/force.go:22.34,24.2 1 4
github.com/hortau/unit/force.go:27.32,29.2 1 4
github.com/hortau/unit/force.go:32.40,34.2 1 4
github.com/hortau/unit/force.go:37.37,39.2 1 4
github.com/hortau/unit/force.go:42.35,44.2 1 4
github.com/hortau/unit/energy.go:61.39,63.2 1 1
github.com/hortau/unit/energy.go:66.39,68.2 1 1
github.com/hortau/unit/energy.go:71.38,73.2 1 1
github.com/hortau/unit/energy.go:76.39,78.2 1 1
github.com/hortau/unit/energy.go:81.38,83.2 1 1
github.com/hortau/unit/energy.go:86.38,88.2 1 1
github.com/hortau/unit/energy.go:91.39,93.2 1 1
github.com/hortau/unit/energy.go:96.39,98.2 1 1
github.com/hortau/unit/energy.go:101.39,103.2 1 1
github.com/hortau/unit/energy.go:106.38,108.2 1 1
github.com/hortau/unit/energy.go:111.34,113.2 1 5
github.com/hortau/unit/energy.go:116.38,118.2 1 1
github.com/hortau/unit/energy.go:121.39,123.2 1 1
github.com/hortau/unit/energy.go:126.38,128.2 1 1
github.com/hortau/unit/energy.go:131.38,133.2 1 1
github.com/hortau/unit/energy.go:136.38,138.2 1 1
github.com/hortau/unit/energy.go:141.38,143.2 1 1
github.com/hortau/unit/energy.go:146.38,148.2 1 1
github.com/hortau/unit/energy.go:151.37,153.2 1 1
github.com/hortau/unit/energy.go:156.39,158.2 1 1
github.com/hortau/unit/energy.go:161.39,163.2 1 1
github.com/hortau/unit/energy.go:166.41,168.2 1 1
github.com/hortau/unit/energy.go:171.42,173.2 1 1
github.com/hortau/unit/energy.go:176.42,178.2 1 1
github.com/hortau/unit/energy.go:181.42,183.2 1 1
github.com/hortau/unit/energy.go:186.41,188.2 1 1
github.com/hortau/unit/energy.go:191.41,193.2 1 1
github.com/hortau/unit/energy.go:196.42,198.2 1 1
github.com/hortau/unit/energy.go:201.42,203.2 1 1
github.com/hortau/unit/energy.go:206.42,208.2 1 1
github.com/hortau/unit/energy.go:211.41,213.2 1 1
github.com/hortau/unit/energy.go:216.37,218.2 1 1
github.com/hortau/unit/energy.go:221.41,223.2 1 1
github.com/hortau/unit/energy.go:226.42,228.2 1 1
github.com/hortau/unit/energy.go:231.41,233.2 1 1
github.com/hortau/unit/energy.go:236.41,238.2 1 1
github.com/hortau/unit/energy.go:241.41,243.2 1 1
github.com/hortau/unit/energy.go:246.41,248.2 1 1
github.com/hortau/unit/energy.go:251.41,253.2 1 1
github.com/hortau/unit/energy.go:256.40,258.2 1 1
github.com/hortau/unit/energy.go:261.42,263.2 1 1
github.com/hortau/unit/energy.go:266.42,268.2 1 1
github.com/hortau/unit/voltage.go:33.39,35.2 1 1
github.com/hortau/unit/voltage.go:38.39,40.2 1 1
github.com/hortau/unit/voltage.go:43.38,45.2 1 1
github.com/hortau/unit/voltage.go:48.39,50.2 1 1
github.com/hortau/unit/voltage.go:53.38,55.2 1 1
github.com/hortau/unit/voltage.go:58.38,60.2 1 1
github.com/hortau/unit/voltage.go:63.39,65.2 1 1
github.com/hortau/unit/voltage.go:68.40,70.2 1 0
github.com/hortau/unit/voltage.go:73.49,74.27 1 0
github.com/hortau/unit/voltage.go:77.2,77.45 1 0
github.com/hortau/unit/voltage.go:74.27,76.3 1 0
github.com/hortau/unit/voltage.go:81.39,83.2 1 1
github.com/hortau/unit/voltage.go:86.39,88.2 1 1
github.com/hortau/unit/voltage.go:91.38,93.2 1 1
github.com/hortau/unit/voltage.go:96.35,98.2 1 0
github.com/hortau/unit/voltage.go:101.44,102.27 1 0
github.com/hortau/unit/voltage.go:105.2,105.40 1 0
github.com/hortau/unit/voltage.go:102.27,104.3 1 0
github.com/hortau/unit/voltage.go:109.34,111.2 1 1
github.com/hortau/unit/voltage.go:114.38,116.2 1 1
github.com/hortau/unit/voltage.go:119.39,121.2 1 1
github.com/hortau/unit/voltage.go:124.39,126.2 1 0
github.com/hortau/unit/voltage.go:129.48,130.27 1 0
github.com/hortau/unit/voltage.go:133.2,133.44 1 0
github.com/hortau/unit/voltage.go:130.27,132.3 1 0
github.com/hortau/unit/voltage.go:137.38,139.2 1 1
github.com/hortau/unit/voltage.go:142.38,144.2 1 1
github.com/hortau/unit/voltage.go:147.38,149.2 1 1
github.com/hortau/unit/voltage.go:152.38,154.2 1 1
github.com/hortau/unit/voltage.go:157.38,159.2 1 1
github.com/hortau/unit/voltage.go:162.37,164.2 1 1
github.com/hortau/unit/voltage.go:167.39,169.2 1 1
github.com/hortau/unit/voltage.go:172.39,174.2 1 1
github.com/hortau/unit/datasize.go:50.34,52.2 1 1
github.com/hortau/unit/datasize.go:55.38,57.2 1 0
github.com/hortau/unit/datasize.go:60.47,61.28 1 0
github.com/hortau/unit/datasize.go:64.2,64.44 1 0
github.com/hortau/unit/datasize.go:61.28,63.3 1 0
github.com/hortau/unit/datasize.go:68.38,70.2 1 1
github.com/hortau/unit/datasize.go:73.38,75.2 1 0
github.com/hortau/unit/datasize.go:78.47,79.28 1 0
github.com/hortau/unit/datasize.go:82.2,82.44 1 0
github.com/hortau/unit/datasize.go:79.28,81.3 1 0
github.com/hortau/unit/datasize.go:86.38,88.2 1 1
github.com/hortau/unit/datasize.go:91.38,93.2 1 1
github.com/hortau/unit/datasize.go:96.38,98.2 1 1
github.com/hortau/unit/datasize.go:101.38,103.2 1 1
github.com/hortau/unit/datasize.go:106.37,108.2 1 1
github.com/hortau/unit/datasize.go:111.39,113.2 1 1
github.com/hortau/unit/datasize.go:116.39,118.2 1 1
github.com/hortau/unit/datasize.go:121.35,123.2 1 2
github.com/hortau/unit/datasize.go:126.39,128.2 1 1
github.com/hortau/unit/datasize.go:131.39,133.2 1 1
github.com/hortau/unit/datasize.go:136.39,138.2 1 1
github.com/hortau/unit/datasize.go:141.39,143.2 1 1
github.com/hortau/unit/datasize.go:146.39,148.2 1 1
github.com/hortau/unit/datasize.go:151.38,153.2 1 1
github.com/hortau/unit/datasize.go:156.40,158.2 1 1
github.com/hortau/unit/datasize.go:161.40,163.2 1 1
github.com/hortau/unit/datasize.go:166.38,168.2 1 1
github.com/hortau/unit/datasize.go:171.38,173.2 1 1
github.com/hortau/unit/datasize.go:176.38,178.2 1 1
github.com/hortau/unit/datasize.go:181.38,183.2 1 1
github.com/hortau/unit/datasize.go:186.38,188.2 1 1
github.com/hortau/unit/datasize.go:191.38,193.2 1 1
github.com/hortau/unit/datasize.go:196.38,198.2 1 1
github.com/hortau/unit/datasize.go:201.38,203.2 1 1
github.com/hortau/unit/datasize.go:206.39,208.2 1 1
github.com/hortau/unit/datasize.go:211.39,213.2 1 1
github.com/hortau/unit/datasize.go:216.39,218.2 1 1
github.com/hortau/unit/datasize.go:221.39,223.2 1 1
github.com/hortau/unit/datasize.go:226.39,228.2 1 1
github.com/hortau/unit/datasize.go:231.39,233.2 1 1
github.com/hortau/unit/datasize.go:236.39,238.2 1 1
github.com/hortau/unit/datasize.go:241.39,243.2 1 1
github.com/hortau/unit/electrical_resistance.go:12.46,14.2 1 1
github.com/hortau/unit/electric_current.go:33.49,35.2 1 1
github.com/hortau/unit/electric_current.go:38.49,40.2 1 1
github.com/hortau/unit/electric_current.go:43.48,45.2 1 1
github.com/hortau/unit/electric_current.go:48.49,50.2 1 1
github.com/hortau/unit/electric_current.go:53.48,55.2 1 1
github.com/hortau/unit/electric_current.go:58.48,60.2 1 1
github.com/hortau/unit/electric_current.go:63.49,65.2 1 1
github.com/hortau/unit/electric_current.go:68.42,70.2 1 0
github.com/hortau/unit/electric_current.go:73.51,74.35 1 0
github.com/hortau/unit/electric_current.go:77.2,77.55 1 0
github.com/hortau/unit/electric_current.go:74.35,76.3 1 0
github.com/hortau/unit/electric_current.go:81.49,83.2 1 1
github.com/hortau/unit/electric_current.go:86.48,88.2 1 1
github.com/hortau/unit/electric_current.go:91.49,93.2 1 1
github.com/hortau/unit/electric_current.go:96.37,98.2 1 0
github.com/hortau/unit/electric_current.go:101.46,102.35 1 0
github.com/hortau/unit/electric_current.go:105.2,105.50 1 0
github.com/hortau/unit/electric_current.go:102.35,104.3 1 0
github.com/hortau/unit/electric_current.go:109.44,111.2 1 1
github.com/hortau/unit/electric_current.go:114.48,116.2 1 1
github.com/hortau/unit/electric_current.go:119.49,121.2 1 1
github.com/hortau/unit/electric_current.go:124.41,126.2 1 0
github.com/hortau/unit/electric_current.go:129.50,130.35 1 0
github.com/hortau/unit/electric_current.go:133.2,133.54 1 0
github.com/hortau/unit/electric_current.go:130.35,132.3 1 0
github.com/hortau/unit/electric_current.go:137.48,139.2 1 1
github.com/hortau/unit/electric_current.go:142.48,144.2 1 1
github.com/hortau/unit/electric_current.go:147.48,149.2 1 1
github.com/hortau/unit/electric_current.go:152.48,154.2 1 1
github.com/hortau/unit/electric_current.go:157.48,159.2 1 1
github.com/hortau/unit/electric_current.go:162.47,164.2 1 1
github.com/hortau/unit/electric_current.go:167.49,169.2 1 1
github.com/hortau/unit/electric_current.go:172.49,174.2 1 1
github.com/hortau/unit/speed.go:17.42,19.2 1 1
github.com/hortau/unit/speed.go:22.44,24.2 1 1
github.com/hortau/unit/speed.go:27.40,29.2 1 1
github.com/hortau/unit/speed.go:32.39,34.2 1 1
github.com/hortau/unit/speed.go:37.32,39.2 1 1
github.com/hortau/unit/speed.go:42.39,44.2 1 1
github.com/hortau/unit/illuminance.go:12.36,14.2 1 1
github.com/hortau/unit/mass.go:62.36,64.2 1 1
github.com/hortau/unit/mass.go:67.36,69.2 1 1
github.com/hortau/unit/mass.go:72.35,74.2 1 1
github.com/hortau/unit/mass.go:77.36,79.2 1 1
github.com/hortau/unit/mass.go:82.35,84.2 1 1
github.com/hortau/unit/mass.go:87.35,89.2 1 1
github.com/hortau/unit/mass.go:92.36,94.2 1 1
github.com/hortau/unit/mass.go:97.36,99.2 1 1
github.com/hortau/unit/mass.go:102.36,104.2 1 1
github.com/hortau/unit/mass.go:107.35,109.2 1 1
github.com/hortau/unit/mass.go:112.31,114.2 1 1
github.com/hortau/unit/mass.go:117.35,119.2 1 1
github.com/hortau/unit/mass.go:122.36,124.2 1 1
github.com/hortau/unit/mass.go:127.35,129.2 1 3
github.com/hortau/unit/mass.go:132.35,134.2 1 1
github.com/hortau/unit/mass.go:137.35,139.2 1 1
github.com/hortau/unit/mass.go:142.35,144.2 1 1
github.com/hortau/unit/mass.go:147.35,149.2 1 1
github.com/hortau/unit/mass.go:152.34,154.2 1 1
github.com/hortau/unit/mass.go:157.36,159.2 1 1
github.com/hortau/unit/mass.go:162.36,164.2 1 1
github.com/hortau/unit/mass.go:167.32,169.2 1 1
github.com/hortau/unit/mass.go:172.36,174.2 1 1
github.com/hortau/unit/mass.go:177.36,179.2 1 1
github.com/hortau/unit/mass.go:182.36,184.2 1 1
github.com/hortau/unit/mass.go:187.36,189.2 1 1
github.com/hortau/unit/mass.go:192.36,194.2 1 1
github.com/hortau/unit/mass.go:197.35,199.2 1 1
github.com/hortau/unit/mass.go:202.36,204.2 1 1
github.com/hortau/unit/mass.go:207.43,209.2 1 1
github.com/hortau/unit/mass.go:212.42,214.2 1 1
github.com/hortau/unit/mass.go:217.43,219.2 1 1
github.com/hortau/unit/mass.go:222.36,224.2 1 1
github.com/hortau/unit/mass.go:227.36,229.2 1 1
github.com/hortau/unit/mass.go:232.34,234.2 1 1
github.com/hortau/unit/mass.go:237.34,239.2 1 1
github.com/hortau/unit/mass.go:242.36,244.2 1 1
github.com/hortau/unit/mass.go:247.36,249.2 1 1
github.com/hortau/unit/mass.go:252.44,254.2 1 1
github.com/hortau/unit/mass.go:257.45,259.2 1 1
github.com/hortau/unit/duration.go:41.42,43.2 1 1
github.com/hortau/unit/duration.go:46.42,48.2 1 1
github.com/hortau/unit/duration.go:51.41,53.2 1 1
github.com/hortau/unit/duration.go:56.42,58.2 1 1
github.com/hortau/unit/duration.go:61.41,63.2 1 1
github.com/hortau/unit/duration.go:66.41,68.2 1 1
github.com/hortau/unit/duration.go:71.42,73.2 1 1
github.com/hortau/unit/duration.go:76.42,78.2 1 1
github.com/hortau/unit/duration.go:81.42,83.2 1 1
github.com/hortau/unit/duration.go:86.41,88.2 1 1
github.com/hortau/unit/duration.go:91.37,93.2 1 1
github.com/hortau/unit/duration.go:96.41,98.2 1 1
github.com/hortau/unit/duration.go:101.42,103.2 1 1
github.com/hortau/unit/duration.go:106.41,108.2 1 1
github.com/hortau/unit/duration.go:111.41,113.2 1 1
github.com/hortau/unit/duration.go:116.41,118.2 1 1
github.com/hortau/unit/duration.go:121.41,123.2 1 1
github.com/hortau/unit/duration.go:126.41,128.2 1 1
github.com/hortau/unit/duration.go:131.40,133.2 1 1
github.com/hortau/unit/duration.go:136.42,138.2 1 1
github.com/hortau/unit/duration.go:141.42,143.2 1 1
github.com/hortau/unit/duration.go:146.37,148.2 1 1
github.com/hortau/unit/duration.go:151.35,153.2 1 1
github.com/hortau/unit/duration.go:156.34,158.2 1 1
github.com/hortau/unit/duration.go:161.35,163.2 1 1
github.com/hortau/unit/duration.go:166.45,168.2 1 1
github.com/hortau/unit/duration.go:171.41,173.2 1 1
github.com/hortau/unit/flow.go:24.50,26.2 1 0
github.com/hortau/unit/flow.go:29.59,30.24 1 0
github.com/hortau/unit/flow.go:33.2,33.52 1 0
github.com/hortau/unit/flow.go:30.24,32.3 1 0
github.com/hortau/unit/flow.go:37.46,39.2 1 1
github.com/hortau/unit/flow.go:42.48,44.2 1 0
github.com/hortau/unit/flow.go:47.57,48.24 1 0
github.com/hortau/unit/flow.go:51.2,51.50 1 0
github.com/hortau/unit/flow.go:48.24,50.3 1 0
github.com/hortau/unit/flow.go:55.44,57.2 1 1
github.com/hortau/unit/flow.go:60.45,62.2 1 0
github.com/hortau/unit/flow.go:65.54,66.24 1 0
github.com/hortau/unit/flow.go:69.2,69.47 1 0
github.com/hortau/unit/flow.go:66.24,68.3 1 0
github.com/hortau/unit/flow.go:73.41,75.2 1 1
github.com/hortau/unit/flow.go:78.43,80.2 1 0
github.com/hortau/unit/flow.go:83.52,84.24 1 0
github.com/hortau/unit/flow.go:87.2,87.45 1 0
github.com/hortau/unit/flow.go:84.24,86.3 1 0
github.com/hortau/unit/flow.go:91.39,93.2 1 1
github.com/hortau/unit/flow.go:96.45,98.2 1 0
github.com/hortau/unit/flow.go:101.54,102.24 1 0
github.com/hortau/unit/flow.go:105.2,105.47 1 0
github.com/hortau/unit/flow.go:102.24,104.3 1 0
github.com/hortau/unit/flow.go:109.41,111.2 1 1
github.com/hortau/unit/flow.go:114.52,116.2 1 0
github.com/hortau/unit/flow.go:119.61,120.24 1 0
github.com/hortau/unit/flow.go:123.2,123.54 1 0
github.com/hortau/unit/flow.go:120.24,122.3 1 0
github.com/hortau/unit/flow.go:127.48,129.2 1 1
github.com/hortau/unit/flow.go:132.54,134.2 1 0
github.com/hortau/unit/flow.go:137.63,138.24 1 0
github.com/hortau/unit/flow.go:141.2,141.56 1 0
github.com/hortau/unit/flow.go:138.24,140.3 1 0
github.com/hortau/unit/flow.go:145.50,147.2 1 1
github.com/hortau/unit/flow.go:150.54,152.2 1 0
github.com/hortau/unit/flow.go:155.63,156.24 1 0
github.com/hortau/unit/flow.go:159.2,159.56 1 0
github.com/hortau/unit/flow.go:156.24,158.3 1 0
github.com/hortau/unit/flow.go:163.50,165.2 1 1
github.com/hortau/unit/length.go:55.39,57.2 1 1
github.com/hortau/unit/length.go:60.39,62.2 1 1
github.com/hortau/unit/length.go:65.38,67.2 1 1
github.com/hortau/unit/length.go:70.39,72.2 1 1
github.com/hortau/unit/length.go:75.38,77.2 1 1
github.com/hortau/unit/length.go:80.38,82.2 1 1
github.com/hortau/unit/length.go:85.39,87.2 1 1
github.com/hortau/unit/length.go:90.41,92.2 1 0
github.com/hortau/unit/length.go:95.50,96.26 1 0
github.com/hortau/unit/length.go:99.2,99.45 1 0
github.com/hortau/unit/length.go:96.26,98.3 1 0
github.com/hortau/unit/length.go:103.39,105.2 1 2
github.com/hortau/unit/length.go:108.41,110.2 1 0
github.com/hortau/unit/length.go:113.50,114.26 1 0
github.com/hortau/unit/length.go:117.2,117.45 1 0
github.com/hortau/unit/length.go:114.26,116.3 1 0
github.com/hortau/unit/length.go:121.39,123.2 1 1
github.com/hortau/unit/length.go:126.38,128.2 1 1
github.com/hortau/unit/length.go:131.34,133.2 1 6
github.com/hortau/unit/length.go:136.38,138.2 1 1
github.com/hortau/unit/length.go:141.39,143.2 1 1
github.com/hortau/unit/length.go:146.40,148.2 1 0
github.com/hortau/unit/length.go:151.49,152.26 1 0
github.com/hortau/unit/length.go:155.2,155.44 1 0
github.com/hortau/unit/length.go:152.26,154.3 1 0
github.com/hortau/unit/length.go:159.38,161.2 1 1
github.com/hortau/unit/length.go:164.45,166.2 1 1
github.com/hortau/unit/length.go:169.38,171.2 1 1
github.com/hortau/unit/length.go:174.38,176.2 1 1
github.com/hortau/unit/length.go:179.38,181.2 1 1
github.com/hortau/unit/length.go:184.38,186.2 1 1
github.com/hortau/unit/length.go:189.37,191.2 1 1
github.com/hortau/unit/length.go:194.39,196.2 1 1
github.com/hortau/unit/length.go:199.39,201.2 1 1
github.com/hortau/unit/length.go:204.36,206.2 1 0
github.com/hortau/unit/length.go:209.45,210.26 1 0
github.com/hortau/unit/length.go:213.2,213.40 1 0
github.com/hortau/unit/length.go:210.26,212.3 1 0
github.com/hortau/unit/length.go:217.34,219.2 1 2
github.com/hortau/unit/length.go:222.33,224.2 1 1
github.com/hortau/unit/length.go:227.32,229.2 1 3
github.com/hortau/unit/length.go:232.33,234.2 1 1
github.com/hortau/unit/length.go:237.32,239.2 1 1
github.com/hortau/unit/length.go:242.34,244.2 1 1
github.com/hortau/unit/length.go:247.33,249.2 1 1
github.com/hortau/unit/length.go:252.36,254.2 1 1
github.com/hortau/unit/length.go:257.35,259.2 1 0
github.com/hortau/unit/length.go:262.44,263.26 1 0
github.com/hortau/unit/length.go:266.2,266.39 1 0
github.com/hortau/unit/length.go:263.26,265.3 1 0
github.com/hortau/unit/length.go:270.33,272.2 1 1
github.com/hortau/unit/length.go:275.35,277.2 1 1
github.com/hortau/unit/length.go:280.34,282.2 1 1
github.com/hortau/unit/length.go:285.41,287.2 1 1
github.com/hortau/unit/length.go:290.42,292.2 1 1
github.com/hortau/unit/length.go:295.45,297.2 1 2
github.com/hortau/unit/length.go:300.38,302.2 1 0
github.com/hortau/unit/power.go:36.37,38.2 1 1
github.com/hortau/unit/power.go:41.37,43.2 1 1
github.com/hortau/unit/power.go:46.36,48.2 1 1
github.com/hortau/unit/power.go:51.37,53.2 1 1
github.com/hortau/unit/power.go:56.36,58.2 1 1
github.com/hortau/unit/power.go:61.36,63.2 1 1
github.com/hortau/unit/power.go:66.37,68.2 1 1
github.com/hortau/unit/power.go:71.37,73.2 1 1
github.com/hortau/unit/power.go:76.37,78.2 1 1
github.com/hortau/unit/power.go:81.36,83.2 1 1
github.com/hortau/unit/power.go:86.35,88.2 1 0
github.com/hortau/unit/power.go:91.44,92.25 1 0
github.com/hortau/unit/power.go:95.2,95.38 1 0
github.com/hortau/unit/power.go:92.25,94.3 1 0
github.com/hortau/unit/power.go:99.32,101.2 1 1
github.com/hortau/unit/power.go:104.36,106.2 1 1
github.com/hortau/unit/power.go:109.37,111.2 1 1
github.com/hortau/unit/power.go:114.39,116.2 1 0
github.com/hortau/unit/power.go:119.48,120.25 1 0
github.com/hortau/unit/power.go:123.2,123.42 1 0
github.com/hortau/unit/power.go:120.25,122.3 1 0
github.com/hortau/unit/power.go:127.36,129.2 1 1
github.com/hortau/unit/power.go:132.36,134.2 1 1
github.com/hortau/unit/power.go:137.36,139.2 1 1
github.com/hortau/unit/power.go:142.36,144.2 1 1
github.com/hortau/unit/power.go:147.35,149.2 1 1
github.com/hortau/unit/power.go:152.37,154.2 1 1
github.com/hortau/unit/power.go:157.37,159.2 1 1
github.com/hortau/unit/power.go:162.36,164.2 1 1
github.com/hortau/unit/power.go:167.39,169.2 1 1
github.com/hortau/unit/pressure.go:62.42,64.2 1 1
github.com/hortau/unit/pressure.go:67.42,69.2 1 1
github.com/hortau/unit/pressure.go:72.41,74.2 1 1
github.com/hortau/unit/pressure.go:77.42,79.2 1 1
github.com/hortau/unit/pressure.go:82.41,84.2 1 1
github.com/hortau/unit/pressure.go:87.41,89.2 1 1
github.com/hortau/unit/pressure.go:92.42,94.2 1 1
github.com/hortau/unit/pressure.go:97.42,99.2 1 1
github.com/hortau/unit/pressure.go:102.42,104.2 1 1
github.com/hortau/unit/pressure.go:107.41,109.2 1 1
github.com/hortau/unit/pressure.go:112.37,114.2 1 1
github.com/hortau/unit/pressure.go:117.41,119.2 1 1
github.com/hortau/unit/pressure.go:122.42,124.2 1 1
github.com/hortau/unit/pressure.go:127.41,129.2 1 0
github.com/hortau/unit/pressure.go:132.50,133.28 1 0
github.com/hortau/unit/pressure.go:136.2,136.47 1 0
github.com/hortau/unit/pressure.go:133.28,135.3 1 0
github.com/hortau/unit/pressure.go:140.41,142.2 1 1
github.com/hortau/unit/pressure.go:145.41,147.2 1 1
github.com/hortau/unit/pressure.go:150.41,152.2 1 1
github.com/hortau/unit/pressure.go:155.41,157.2 1 1
github.com/hortau/unit/pressure.go:160.41,162.2 1 1
github.com/hortau/unit/pressure.go:165.40,167.2 1 1
github.com/hortau/unit/pressure.go:170.42,172.2 1 1
github.com/hortau/unit/pressure.go:175.42,177.2 1 1
github.com/hortau/unit/pressure.go:180.39,182.2 1 1
github.com/hortau/unit/pressure.go:185.39,187.2 1 1
github.com/hortau/unit/pressure.go:190.38,192.2 1 1
github.com/hortau/unit/pressure.go:195.39,197.2 1 1
github.com/hortau/unit/pressure.go:200.38,202.2 1 1
github.com/hortau/unit/pressure.go:205.38,207.2 1 1
github.com/hortau/unit/pressure.go:210.39,212.2 1 1
github.com/hortau/unit/pressure.go:215.39,217.2 1 1
github.com/hortau/unit/pressure.go:220.39,222.2 1 1
github.com/hortau/unit/pressure.go:225.38,227.2 1 1
github.com/hortau/unit/pressure.go:230.34,232.2 1 1
github.com/hortau/unit/pressure.go:235.38,237.2 1 1
github.com/hortau/unit/pressure.go:240.39,242.2 1 1
github.com/hortau/unit/pressure.go:245.38,247.2 1 1
github.com/hortau/unit/pressure.go:250.38,252.2 1 1
github.com/hortau/unit/pressure.go:255.38,257.2 1 1
github.com/hortau/unit/pressure.go:260.38,262.2 1 1
github.com/hortau/unit/pressure.go:265.38,267.2 1 1
github.com/hortau/unit/pressure.go:270.37,272.2 1 1
github.com/hortau/unit/pressure.go:275.39,277.2 1 1
github.com/hortau/unit/pressure.go:280.39,282.2 1 1
github.com/hortau/unit/pressure.go:285.41,287.2 1 1
github.com/hortau/unit/pressure.go:290.45,292.2 1 1
github.com/hortau/unit/pressure.go:295.35,297.2 1 1
github.com/hortau/unit/pressure.go:300.49,302.2 1 0
github.com/hortau/unit/pressure.go:305.58,306.28 1 0
github.com/hortau/unit/pressure.go:309.2,309.55 1 0
github.com/hortau/unit/pressure.go:306.28,308.3 1 0
github.com/hortau/unit/pressure.go:313.49,315.2 1 1
github.com/hortau/unit/pressure.go:318.45,320.2 1 0
github.com/hortau/unit/pressure.go:323.54,324.28 1 0
github.com/hortau/unit/pressure.go:327.2,327.51 1 0
github.com/hortau/unit/pressure.go:324.28,326.3 1 0
github.com/hortau/unit/pressure.go:331.45,333.2 1 1
github.com/hortau/unit/value.go:9.36,11.2 1 0
github.com/hortau/unit/value.go:14.42,16.9 2 0
github.com/hortau/unit/value.go:19.2,19.22 1 0
github.com/hortau/unit/value.go:16.9,18.3 1 0
github.com/hortau/unit/value.go:22.51,23.17 1 0
github.com/hortau/unit/value.go:27.2,28.9 2 0
github.com/hortau/unit/value.go:31.2,31.18 1 0
github.com/hortau/unit/value.go:23.17,25.3 1 0
github.com/hortau/unit/value.go:28.9,30.3 1 0
github.com/hortau/unit/area.go:50.43,52.2 1 1
github.com/hortau/unit/area.go:55.43,57.2 1 1
github.com/hortau/unit/area.go:60.42,62.2 1 1
github.com/hortau/unit/area.go:65.43,67.2 1 1
github.com/hortau/unit/area.go:70.42,72.2 1 1
github.com/hortau/unit/area.go:75.42,77.2 1 1
github.com/hortau/unit/area.go:80.43,82.2 1 1
github.com/hortau/unit/area.go:85.43,87.2 1 1
github.com/hortau/unit/area.go:90.43,92.2 1 1
github.com/hortau/unit/area.go:95.42,97.2 1 1
github.com/hortau/unit/area.go:100.38,102.2 1 3
github.com/hortau/unit/area.go:105.35,107.2 1 1
github.com/hortau/unit/area.go:110.30,112.2 1 1
github.com/hortau/unit/area.go:115.41,117.2 1 1
github.com/hortau/unit/area.go:120.42,122.2 1 1
github.com/hortau/unit/area.go:125.38,127.2 1 0
github.com/hortau/unit/area.go:130.47,131.24 1 0
github.com/hortau/unit/area.go:134.2,134.40 1 0
github.com/hortau/unit/area.go:131.24,133.3 1 0
github.com/hortau/unit/area.go:138.34,140.2 1 1
github.com/hortau/unit/area.go:143.42,145.2 1 1
github.com/hortau/unit/area.go:148.42,150.2 1 1
github.com/hortau/unit/area.go:153.42,155.2 1 1
github.com/hortau/unit/area.go:158.42,160.2 1 1
github.com/hortau/unit/area.go:163.42,165.2 1 1
github.com/hortau/unit/area.go:168.41,170.2 1 1
github.com/hortau/unit/area.go:173.43,175.2 1 1
github.com/hortau/unit/area.go:178.43,180.2 1 1
github.com/hortau/unit/area.go:183.38,185.2 1 1
github.com/hortau/unit/area.go:188.36,190.2 1 2
github.com/hortau/unit/area.go:193.37,195.2 1 1
github.com/hortau/unit/area.go:198.35,200.2 1 0
github.com/hortau/unit/area.go:203.44,204.24 1 0
github.com/hortau/unit/area.go:207.2,207.37 1 0
github.com/hortau/unit/area.go:204.24,206.3 1 0
github.com/hortau/unit/area.go:211.31,213.2 1 1
github.com/hortau/unit/area.go:216.37,218.2 1 1
github.com/hortau/unit/area.go:221.36,223.2 1 1
github.com/hortau/unit/area.go:226.31,228.2 1 1
github.com/hortau/unit/frequency.go:36.41,38.2 1 1
github.com/hortau/unit/frequency.go:41.41,43.2 1 1
github.com/hortau/unit/frequency.go:46.40,48.2 1 1
github.com/hortau/unit/frequency.go:51.41,53.2 1 1
github.com/hortau/unit/frequency.go:56.40,58.2 1 1
github.com/hortau/unit/frequency.go:61.40,63.2 1 1
github.com/hortau/unit/frequency.go:66.41,68.2 1 1
github.com/hortau/unit/frequency.go:71.41,73.2 1 1
github.com/hortau/unit/frequency.go:76.41,78.2 1 1
github.com/hortau/unit/frequency.go:81.40,83.2 1 1
github.com/hortau/unit/frequency.go:86.35,88.2 1 0
github.com/hortau/unit/frequency.go:91.44,92.29 1 0
github.com/hortau/unit/frequency.go:95.2,95.42 1 0
github.com/hortau/unit/frequency.go:92.29,94.3 1 0
github.com/hortau/unit/frequency.go:99.36,101.2 1 1
github.com/hortau/unit/frequency.go:104.40,106.2 1 1
github.com/hortau/unit/frequency.go:109.41,111.2 1 1
github.com/hortau/unit/frequency.go:114.39,116.2 1 0
github.com/hortau/unit/frequency.go:119.48,120.29 1 0
github.com/hortau/unit/frequency.go:123.2,123.46 1 0
github.com/hortau/unit/frequency.go:120.29,122.3 1 0
github.com/hortau/unit/frequency.go:127.40,129.2 1 1
github.com/hortau/unit/frequency.go:132.40,134.2 1 1
github.com/hortau/unit/frequency.go:137.40,139.2 1 1
github.com/hortau/unit/frequency.go:142.40,144.2 1 1
github.com/hortau/unit/frequency.go:147.40,149.2 1 1
github.com/hortau/unit/frequency.go:152.39,154.2 1 1
github.com/hortau/unit/frequency.go:157.41,159.2 1 1
github.com/hortau/unit/frequency.go:162.41,164.2 1 1
github.com/hortau/unit/frequency.go:167.50,169.2 1 0
github.com/hortau/unit/frequency.go:172.59,173.29 1 0
github.com/hortau/unit/frequency.go:176.2,176.57 1 0
github.com/hortau/unit/frequency.go:173.29,175.3 1 0
github.com/hortau/unit/frequency.go:180.51,182.2 1 1
github.com/hortau/unit/acceleration.go:16.61,18.2 1 1
github.com/hortau/unit/acceleration.go:21.56,23.2 1 3
github.com/hortau/unit/acceleration.go:26.54,28.2 1 3
github.com/hortau/unit/acceleration.go:31.49,33.2 1 3
github.com/hortau/unit/acceleration.go:36.38,38.2 1 3
github.com/hortau/unit/luminous_flux.go:12.39,14.2 1 1
github.com/hortau/unit/electrical_conductance.go:12.50,14.2 1 1
github.com/hortau/unit/temperature.go:13.45,15.2 1 1
github.com/hortau/unit/temperature.go:19.45,21.2 1 1
github.com/hortau/unit/temperature.go:24.41,26.2 1 1
github.com/hortau/unit/temperature.go:29.41,31.2 1 1
github.com/hortau/unit/temperature.go:34.44,36.2 1 1
github.com/hortau/unit/temperature.go:39.40,41.2 1 8
github.com/hortau/unit/temperature.go:44.40,46.2 1 1
github.com/hortau/unit/temperature.go:49.41,51.2 1 1
github.com/hortau/unit/temperature.go:54.41,56.2 1 1
github.com/hortau/unit/temperature.go:59.39,61.2 1 1
github.com/hortau/unit/temperature.go:64.40,66.2 1 1
github.com/hortau/unit/temperature.go:69.40,71.2 1 1
github.com/hortau/unit/temperature.go:74.43,76.2 1 1
github.com/hortau/unit/temperature.go:79.39,81.2 1 8
github.com/hortau/unit/temperature.go:84.39,86.2 1 1
github.com/hortau/unit/temperature.go:89.40,91.2 1 1
github.com/hortau/unit/temperature.go:94.40,96.2 1 1
github.com/hortau/unit/temperature.go:99.38,101.2 1 1
github.com/hortau/unit/volume.go:106.39,108.2 1 1
github.com/hortau/unit/volume.go:111.38,113.2 1 1
github.com/hortau/unit/volume.go:116.38,118.2 1 1
github.com/hortau/unit/volume.go:121.39,123.2 1 1
github.com/hortau/unit/volume.go:126.38,128.2 1 1
github.com/hortau/unit/volume.go:131.38,133.2 1 1
github.com/hortau/unit/volume.go:136.39,138.2 1 1
github.com/hortau/unit/volume.go:141.39,143.2 1 1
github.com/hortau/unit/volume.go:146.39,148.2 1 1
github.com/hortau/unit/volume.go:151.38,153.2 1 1
github.com/hortau/unit/volume.go:156.36,158.2 1 0
github.com/hortau/unit/volume.go:161.45,162.26 1 0
github.com/hortau/unit/volume.go:165.2,165.40 1 0
github.com/hortau/unit/volume.go:162.26,164.3 1 0
github.com/hortau/unit/volume.go:169.34,171.2 1 1
github.com/hortau/unit/volume.go:174.38,176.2 1 1
github.com/hortau/unit/volume.go:179.39,181.2 1 1
github.com/hortau/unit/volume.go:184.38,186.2 1 1
github.com/hortau/unit/volume.go:189.38,191.2 1 1
github.com/hortau/unit/volume.go:194.38,196.2 1 1
github.com/hortau/unit/volume.go:199.38,201.2 1 1
github.com/hortau/unit/volume.go:204.38,206.2 1 1
github.com/hortau/unit/volume.go:209.37,211.2 1 1
github.com/hortau/unit/volume.go:214.39,216.2 1 1
github.com/hortau/unit/volume.go:219.44,221.2 1 1
github.com/hortau/unit/volume.go:224.44,226.2 1 1
github.com/hortau/unit/volume.go:229.43,231.2 1 1
github.com/hortau/unit/volume.go:234.44,236.2 1 1
github.com/hortau/unit/volume.go:239.43,241.2 1 1
github.com/hortau/unit/volume.go:244.43,246.2 1 1
github.com/hortau/unit/volume.go:249.44,251.2 1 1
github.com/hortau/unit/volume.go:254.44,256.2 1 1
github.com/hortau/unit/volume.go:259.44,261.2 1 1
github.com/hortau/unit/volume.go:264.43,266.2 1 1
github.com/hortau/unit/volume.go:269.41,271.2 1 0
github.com/hortau/unit/volume.go:274.50,275.26 1 0
github.com/hortau/unit/volume.go:278.2,278.45 1 0
github.com/hortau/unit/volume.go:275.26,277.3 1 0
github.com/hortau/unit/volume.go:282.39,284.2 1 2
github.com/hortau/unit/volume.go:287.43,289.2 1 1
github.com/hortau/unit/volume.go:292.44,294.2 1 1
github.com/hortau/unit/volume.go:297.43,299.2 1 1
github.com/hortau/unit/volume.go:302.43,304.2 1 1
github.com/hortau/unit/volume.go:307.43,309.2 1 1
github.com/hortau/unit/volume.go:312.43,314.2 1 1
github.com/hortau/unit/volume.go:317.43,319.2 1 1
github.com/hortau/unit/volume.go:322.42,324.2 1 1
github.com/hortau/unit/volume.go:327.44,329.2 1 1
github.com/hortau/unit/volume.go:332.44,334.2 1 1
github.com/hortau/unit/volume.go:337.39,339.2 1 1
github.com/hortau/unit/volume.go:342.39,344.2 1 0
github.com/hortau/unit/volume.go:347.48,348.26 1 0
github.com/hortau/unit/volume.go:351.2,351.43 1 0
github.com/hortau/unit/volume.go:348.26,350.3 1 0
github.com/hortau/unit/volume.go:355.37,357.2 1 1
github.com/hortau/unit/volume.go:360.38,362.2 1 1
github.com/hortau/unit/volume.go:365.38,367.2 1 1
github.com/hortau/unit/volume.go:370.41,372.2 1 1
github.com/hortau/unit/volume.go:375.43,377.2 1 1
github.com/hortau/unit/volume.go:380.42,382.2 1 1
github.com/hortau/unit/volume.go:385.41,387.2 1 1
github.com/hortau/unit/volume.go:390.41,392.2 1 1
github.com/hortau/unit/volume.go:395.40,397.2 1 1
github.com/hortau/unit/volume.go:400.47,402.2 1 1
github.com/hortau/unit/volume.go:405.46,407.2 1 1
github.com/hortau/unit/volume.go:410.41,412.2 1 1
github.com/hortau/unit/volume.go:415.43,417.2 1 1
github.com/hortau/unit/volume.go:420.45,422.2 1 0
github.com/hortau/unit/volume.go:425.43,427.2 1 0
github.com/hortau/unit/volume.go:430.47,432.2 1 0
github.com/hortau/unit/volume.go:435.45,437.2 1 0
github.com/hortau/unit/volume.go:440.49,442.2 1 0
github.com/hortau/unit/volume.go:445.45,447.2 1 0
github.com/hortau/unit/volume.go:450.54,451.26 1 0
github.com/hortau/unit/volume.go:454.2,454.49 1 0
github.com/hortau/unit/volume.go:451.26,453.3 1 0
github.com/hortau/unit/volume.go:458.43,460.2 1 1
github.com/hortau/unit/volume.go:463.42,465.2 1 1
github.com/hortau/unit/volume.go:468.41,470.2 1 1
github.com/hortau/unit/volume.go:473.34,475.2 1 1
github.com/hortau/unit/volume.go:478.39,480.2 1 1
github.com/hortau/unit/volume.go:483.35,485.2 1 1
github.com/hortau/unit/volume.go:488.41,490.2 1 1
github.com/hortau/unit/volume.go:493.39,495.2 1 1
github.com/hortau/unit/volume.go:498.40,500.2 1 1
github.com/hortau/unit/volume.go:503.41,505.2 1 1
github.com/hortau/unit/volume.go:508.39,510.2 1 1
github.com/hortau/unit/volume.go:513.37,515.2 1 1
github.com/hortau/unit/volume.go:518.35,520.2 1 1
github.com/hortau/unit/volume.go:523.40,525.2 1 1
github.com/hortau/unit/volume.go:528.38,530.2 1 1
github.com/hortau/unit/volume.go:533.38,535.2 1 0
github.com/hortau/unit/volume.go:538.47,539.26 1 0
github.com/hortau/unit/volume.go:542.2,542.42 1 0
github.com/hortau/unit/volume.go:539.26,541.3 1 0
github.com/hortau/unit/volume.go:546.36,548.2 1 1
github.com/hortau/unit/volume.go:551.40,553.2 1 0
github.com/hortau/unit/volume.go:556.49,557.26 1 0
github.com/hortau/unit/volume.go:560.2,560.44 1 0
github.com/hortau/unit/volume.go:557.26,559.3 1 0
github.com/hortau/unit/volume.go:564.38,566.2 1 1
github.com/hortau/unit/amount_of_substance.go:12.44,14.2 1 1
github.com/hortau/unit/angle.go:29.39,31.2 1 1
github.com/hortau/unit/angle.go:34.39,36.2 1 1
github.com/hortau/unit/angle.go:39.38,41.2 1 1
github.com/hortau/unit/angle.go:44.39,46.2 1 1
github.com/hortau/unit/angle.go:49.38,51.2 1 1
github.com/hortau/unit/angle.go:54.38,56.2 1 1
github.com/hortau/unit/angle.go:59.39,61.2 1 3
github.com/hortau/unit/angle.go:64.39,66.2 1 2
github.com/hortau/unit/angle.go:69.38,71.2 1 1
github.com/hortau/unit/angle.go:74.39,76.2 1 1
github.com/hortau/unit/angle.go:79.34,81.2 1 1
github.com/hortau/unit/angle.go:84.37,86.2 1 0
github.com/hortau/unit/angle.go:89.46,90.25 1 0
github.com/hortau/unit/angle.go:93.2,93.40 1 0
github.com/hortau/unit/angle.go:90.25,92.3 1 0
github.com/hortau/unit/angle.go:97.34,99.2 1 1
github.com/hortau/unit/angle.go:102.37,104.2 1 1
github.com/hortau/unit/angle.go:107.37,109.2 1 1
github.com/hortau/unit/angle.go:112.42,114.2 1 1
github.com/hortau/unit/angle.go:117.42,119.2 1 1
